<?xml version="1.0" encoding="UTF-8"?>
<testng-results ignored="0" total="7" passed="5" failed="2" skipped="0">
  <reporter-output>
  </reporter-output>
  <suite started-at="2025-10-08T12:39:39 IST" name="API Smoke Test Suite" finished-at="2025-10-08T12:39:49 IST" duration-ms="9789">
    <groups>
    </groups>
    <test started-at="2025-10-08T12:39:39 IST" name="User API Smoke Tests" finished-at="2025-10-08T12:39:46 IST" duration-ms="7280">
      <class name="Users.UserAPITests">
        <test-method is-config="true" signature="globalSetup()[pri:0, instance:Users.UserAPITests@33bc72d1]" started-at="2025-10-08T12:39:39 IST" name="globalSetup" finished-at="2025-10-08T12:39:40 IST" duration-ms="858" status="PASS">
          <reporter-output>
          </reporter-output>
        </test-method> <!-- globalSetup -->
        <test-method is-config="true" signature="setupUserTests()[pri:0, instance:Users.UserAPITests@33bc72d1]" started-at="2025-10-08T12:39:40 IST" name="setupUserTests" finished-at="2025-10-08T12:39:40 IST" duration-ms="37" status="PASS">
          <reporter-output>
          </reporter-output>
        </test-method> <!-- setupUserTests -->
        <test-method is-config="true" signature="setupRequest()[pri:0, instance:Users.UserAPITests@33bc72d1]" started-at="2025-10-08T12:39:40 IST" name="setupRequest" finished-at="2025-10-08T12:39:41 IST" duration-ms="483" status="PASS">
          <reporter-output>
          </reporter-output>
        </test-method> <!-- setupRequest -->
        <test-method is-config="true" signature="initUserService()[pri:0, instance:Users.UserAPITests@33bc72d1]" started-at="2025-10-08T12:39:41 IST" name="initUserService" finished-at="2025-10-08T12:39:41 IST" duration-ms="1" status="PASS">
          <reporter-output>
          </reporter-output>
        </test-method> <!-- initUserService -->
        <test-method signature="testGetAllUsers()[pri:1, instance:Users.UserAPITests@33bc72d1]" started-at="2025-10-08T12:39:41 IST" name="testGetAllUsers" finished-at="2025-10-08T12:39:44 IST" duration-ms="2871" status="FAIL">
          <exception class="java.lang.RuntimeException">
            <message>
              <![CDATA[Failed to convert JSON to object]]>
            </message>
            <full-stacktrace>
              <![CDATA[java.lang.RuntimeException: Failed to convert JSON to object
at utils.APIUtils.fromJson(APIUtils.java:34)
at services.UserService.convertToUserResponseArray(UserService.java:130)
at Users.UserAPITests.testGetAllUsers(UserAPITests.java:61)
at java.base/jdk.internal.reflect.NativeMethodAccessorImpl.invoke0(Native Method)
at java.base/jdk.internal.reflect.NativeMethodAccessorImpl.invoke(NativeMethodAccessorImpl.java:77)
at java.base/jdk.internal.reflect.DelegatingMethodAccessorImpl.invoke(DelegatingMethodAccessorImpl.java:43)
at java.base/java.lang.reflect.Method.invoke(Method.java:568)
at org.testng.internal.invokers.MethodInvocationHelper.invokeMethod(MethodInvocationHelper.java:139)
at org.testng.internal.invokers.TestInvoker.invokeMethod(TestInvoker.java:664)
at org.testng.internal.invokers.TestInvoker.invokeTestMethod(TestInvoker.java:228)
at org.testng.internal.invokers.MethodRunner.runInSequence(MethodRunner.java:63)
at org.testng.internal.invokers.TestInvoker$MethodInvocationAgent.invoke(TestInvoker.java:961)
at org.testng.internal.invokers.TestInvoker.invokeTestMethods(TestInvoker.java:201)
at org.testng.internal.invokers.TestMethodWorker.invokeTestMethods(TestMethodWorker.java:148)
at org.testng.internal.invokers.TestMethodWorker.run(TestMethodWorker.java:128)
at java.base/java.util.ArrayList.forEach(ArrayList.java:1511)
at org.testng.TestRunner.privateRun(TestRunner.java:819)
at org.testng.TestRunner.run(TestRunner.java:619)
at org.testng.SuiteRunner.runTest(SuiteRunner.java:443)
at org.testng.SuiteRunner.runSequentially(SuiteRunner.java:437)
at org.testng.SuiteRunner.privateRun(SuiteRunner.java:397)
at org.testng.SuiteRunner.run(SuiteRunner.java:336)
at org.testng.SuiteRunnerWorker.runSuite(SuiteRunnerWorker.java:52)
at org.testng.SuiteRunnerWorker.run(SuiteRunnerWorker.java:95)
at org.testng.TestNG.runSuitesSequentially(TestNG.java:1301)
at org.testng.TestNG.runSuitesLocally(TestNG.java:1228)
at org.testng.TestNG.runSuites(TestNG.java:1134)
at org.testng.TestNG.run(TestNG.java:1101)
at org.apache.maven.surefire.testng.TestNGExecutor.run(TestNGExecutor.java:308)
at org.apache.maven.surefire.testng.TestNGXmlTestSuite.execute(TestNGXmlTestSuite.java:71)
at org.apache.maven.surefire.testng.TestNGProvider.invoke(TestNGProvider.java:113)
at org.apache.maven.surefire.booter.ForkedBooter.runSuitesInProcess(ForkedBooter.java:385)
at org.apache.maven.surefire.booter.ForkedBooter.execute(ForkedBooter.java:162)
at org.apache.maven.surefire.booter.ForkedBooter.run(ForkedBooter.java:507)
at org.apache.maven.surefire.booter.ForkedBooter.main(ForkedBooter.java:495)
Caused by: com.fasterxml.jackson.databind.exc.UnrecognizedPropertyException: Unrecognized field "address" (class mdoels.response.UserResponse), not marked as ignorable (6 known properties: "username", "id", "email", "phone", "name", "website"])
 at [Source: REDACTED (`StreamReadFeature.INCLUDE_SOURCE_IN_LOCATION` disabled); line: 7, column: 17] (through reference chain: java.lang.Object[][0]->mdoels.response.UserResponse["address"])
at com.fasterxml.jackson.databind.exc.UnrecognizedPropertyException.from(UnrecognizedPropertyException.java:61)
at com.fasterxml.jackson.databind.DeserializationContext.handleUnknownProperty(DeserializationContext.java:1153)
at com.fasterxml.jackson.databind.deser.std.StdDeserializer.handleUnknownProperty(StdDeserializer.java:2224)
at com.fasterxml.jackson.databind.deser.BeanDeserializerBase.handleUnknownProperty(BeanDeserializerBase.java:1793)
at com.fasterxml.jackson.databind.deser.BeanDeserializerBase.handleUnknownVanilla(BeanDeserializerBase.java:1771)
at com.fasterxml.jackson.databind.deser.BeanDeserializer.vanillaDeserialize(BeanDeserializer.java:316)
at com.fasterxml.jackson.databind.deser.BeanDeserializer.deserialize(BeanDeserializer.java:177)
at com.fasterxml.jackson.databind.deser.std.ObjectArrayDeserializer.deserialize(ObjectArrayDeserializer.java:217)
at com.fasterxml.jackson.databind.deser.std.ObjectArrayDeserializer.deserialize(ObjectArrayDeserializer.java:27)
at com.fasterxml.jackson.databind.deser.DefaultDeserializationContext.readRootValue(DefaultDeserializationContext.java:342)
at com.fasterxml.jackson.databind.ObjectMapper._readMapAndClose(ObjectMapper.java:4899)
at com.fasterxml.jackson.databind.ObjectMapper.readValue(ObjectMapper.java:3846)
at com.fasterxml.jackson.databind.ObjectMapper.readValue(ObjectMapper.java:3814)
at utils.APIUtils.fromJson(APIUtils.java:32)
... 34 more
]]>
            </full-stacktrace>
          </exception> <!-- java.lang.RuntimeException -->
          <reporter-output>
          </reporter-output>
        </test-method> <!-- testGetAllUsers -->
        <test-method is-config="true" signature="setupRequest()[pri:0, instance:Users.UserAPITests@33bc72d1]" started-at="2025-10-08T12:39:44 IST" name="setupRequest" finished-at="2025-10-08T12:39:44 IST" duration-ms="3" status="PASS">
          <reporter-output>
          </reporter-output>
        </test-method> <!-- setupRequest -->
        <test-method is-config="true" signature="initUserService()[pri:0, instance:Users.UserAPITests@33bc72d1]" started-at="2025-10-08T12:39:44 IST" name="initUserService" finished-at="2025-10-08T12:39:44 IST" duration-ms="1" status="PASS">
          <reporter-output>
          </reporter-output>
        </test-method> <!-- initUserService -->
        <test-method signature="testGetUserById()[pri:2, instance:Users.UserAPITests@33bc72d1]" started-at="2025-10-08T12:39:44 IST" name="testGetUserById" finished-at="2025-10-08T12:39:44 IST" duration-ms="505" status="FAIL">
          <exception class="java.lang.RuntimeException">
            <message>
              <![CDATA[Failed to convert JSON to object]]>
            </message>
            <full-stacktrace>
              <![CDATA[java.lang.RuntimeException: Failed to convert JSON to object
at utils.APIUtils.fromJson(APIUtils.java:34)
at services.UserService.convertToUserResponse(UserService.java:123)
at Users.UserAPITests.testGetUserById(UserAPITests.java:92)
at java.base/jdk.internal.reflect.NativeMethodAccessorImpl.invoke0(Native Method)
at java.base/jdk.internal.reflect.NativeMethodAccessorImpl.invoke(NativeMethodAccessorImpl.java:77)
at java.base/jdk.internal.reflect.DelegatingMethodAccessorImpl.invoke(DelegatingMethodAccessorImpl.java:43)
at java.base/java.lang.reflect.Method.invoke(Method.java:568)
at org.testng.internal.invokers.MethodInvocationHelper.invokeMethod(MethodInvocationHelper.java:139)
at org.testng.internal.invokers.TestInvoker.invokeMethod(TestInvoker.java:664)
at org.testng.internal.invokers.TestInvoker.invokeTestMethod(TestInvoker.java:228)
at org.testng.internal.invokers.MethodRunner.runInSequence(MethodRunner.java:63)
at org.testng.internal.invokers.TestInvoker$MethodInvocationAgent.invoke(TestInvoker.java:961)
at org.testng.internal.invokers.TestInvoker.invokeTestMethods(TestInvoker.java:201)
at org.testng.internal.invokers.TestMethodWorker.invokeTestMethods(TestMethodWorker.java:148)
at org.testng.internal.invokers.TestMethodWorker.run(TestMethodWorker.java:128)
at java.base/java.util.ArrayList.forEach(ArrayList.java:1511)
at org.testng.TestRunner.privateRun(TestRunner.java:819)
at org.testng.TestRunner.run(TestRunner.java:619)
at org.testng.SuiteRunner.runTest(SuiteRunner.java:443)
at org.testng.SuiteRunner.runSequentially(SuiteRunner.java:437)
at org.testng.SuiteRunner.privateRun(SuiteRunner.java:397)
at org.testng.SuiteRunner.run(SuiteRunner.java:336)
at org.testng.SuiteRunnerWorker.runSuite(SuiteRunnerWorker.java:52)
at org.testng.SuiteRunnerWorker.run(SuiteRunnerWorker.java:95)
at org.testng.TestNG.runSuitesSequentially(TestNG.java:1301)
at org.testng.TestNG.runSuitesLocally(TestNG.java:1228)
at org.testng.TestNG.runSuites(TestNG.java:1134)
at org.testng.TestNG.run(TestNG.java:1101)
at org.apache.maven.surefire.testng.TestNGExecutor.run(TestNGExecutor.java:308)
at org.apache.maven.surefire.testng.TestNGXmlTestSuite.execute(TestNGXmlTestSuite.java:71)
at org.apache.maven.surefire.testng.TestNGProvider.invoke(TestNGProvider.java:113)
at org.apache.maven.surefire.booter.ForkedBooter.runSuitesInProcess(ForkedBooter.java:385)
at org.apache.maven.surefire.booter.ForkedBooter.execute(ForkedBooter.java:162)
at org.apache.maven.surefire.booter.ForkedBooter.run(ForkedBooter.java:507)
at org.apache.maven.surefire.booter.ForkedBooter.main(ForkedBooter.java:495)
Caused by: com.fasterxml.jackson.databind.exc.UnrecognizedPropertyException: Unrecognized field "address" (class mdoels.response.UserResponse), not marked as ignorable (6 known properties: "username", "id", "email", "phone", "name", "website"])
 at [Source: REDACTED (`StreamReadFeature.INCLUDE_SOURCE_IN_LOCATION` disabled); line: 6, column: 15] (through reference chain: mdoels.response.UserResponse["address"])
at com.fasterxml.jackson.databind.exc.UnrecognizedPropertyException.from(UnrecognizedPropertyException.java:61)
at com.fasterxml.jackson.databind.DeserializationContext.handleUnknownProperty(DeserializationContext.java:1153)
at com.fasterxml.jackson.databind.deser.std.StdDeserializer.handleUnknownProperty(StdDeserializer.java:2224)
at com.fasterxml.jackson.databind.deser.BeanDeserializerBase.handleUnknownProperty(BeanDeserializerBase.java:1793)
at com.fasterxml.jackson.databind.deser.BeanDeserializerBase.handleUnknownVanilla(BeanDeserializerBase.java:1771)
at com.fasterxml.jackson.databind.deser.BeanDeserializer.vanillaDeserialize(BeanDeserializer.java:316)
at com.fasterxml.jackson.databind.deser.BeanDeserializer.deserialize(BeanDeserializer.java:177)
at com.fasterxml.jackson.databind.deser.DefaultDeserializationContext.readRootValue(DefaultDeserializationContext.java:342)
at com.fasterxml.jackson.databind.ObjectMapper._readMapAndClose(ObjectMapper.java:4899)
at com.fasterxml.jackson.databind.ObjectMapper.readValue(ObjectMapper.java:3846)
at com.fasterxml.jackson.databind.ObjectMapper.readValue(ObjectMapper.java:3814)
at utils.APIUtils.fromJson(APIUtils.java:32)
... 34 more
]]>
            </full-stacktrace>
          </exception> <!-- java.lang.RuntimeException -->
          <reporter-output>
          </reporter-output>
        </test-method> <!-- testGetUserById -->
        <test-method is-config="true" signature="setupRequest()[pri:0, instance:Users.UserAPITests@33bc72d1]" started-at="2025-10-08T12:39:44 IST" name="setupRequest" finished-at="2025-10-08T12:39:44 IST" duration-ms="6" status="PASS">
          <reporter-output>
          </reporter-output>
        </test-method> <!-- setupRequest -->
        <test-method is-config="true" signature="initUserService()[pri:0, instance:Users.UserAPITests@33bc72d1]" started-at="2025-10-08T12:39:44 IST" name="initUserService" finished-at="2025-10-08T12:39:44 IST" duration-ms="1" status="PASS">
          <reporter-output>
          </reporter-output>
        </test-method> <!-- initUserService -->
        <test-method signature="testCreateUser(java.lang.String,java.lang.String,java.lang.String)[pri:3, instance:Users.UserAPITests@33bc72d1]" started-at="2025-10-08T12:39:44 IST" name="testCreateUser" data-provider="userData" finished-at="2025-10-08T12:39:45 IST" duration-ms="642" status="PASS">
          <params>
            <param index="0">
              <value>
                <![CDATA[Miles Koepp]]>
              </value>
            </param>
            <param index="1">
              <value>
                <![CDATA[vilma.nitzsche]]>
              </value>
            </param>
            <param index="2">
              <value>
                <![CDATA[donette.hammes@gmail.com]]>
              </value>
            </param>
          </params>
          <reporter-output>
          </reporter-output>
        </test-method> <!-- testCreateUser -->
        <test-method is-config="true" signature="setupRequest()[pri:0, instance:Users.UserAPITests@33bc72d1]" started-at="2025-10-08T12:39:45 IST" name="setupRequest" finished-at="2025-10-08T12:39:45 IST" duration-ms="4" status="PASS">
          <reporter-output>
          </reporter-output>
        </test-method> <!-- setupRequest -->
        <test-method is-config="true" signature="initUserService()[pri:0, instance:Users.UserAPITests@33bc72d1]" started-at="2025-10-08T12:39:45 IST" name="initUserService" finished-at="2025-10-08T12:39:45 IST" duration-ms="1" status="PASS">
          <reporter-output>
          </reporter-output>
        </test-method> <!-- initUserService -->
        <test-method signature="testCreateUser(java.lang.String,java.lang.String,java.lang.String)[pri:3, instance:Users.UserAPITests@33bc72d1]" started-at="2025-10-08T12:39:45 IST" name="testCreateUser" data-provider="userData" finished-at="2025-10-08T12:39:46 IST" duration-ms="603" status="PASS">
          <params>
            <param index="0">
              <value>
                <![CDATA[Donna Bradtke]]>
              </value>
            </param>
            <param index="1">
              <value>
                <![CDATA[dustin.weber]]>
              </value>
            </param>
            <param index="2">
              <value>
                <![CDATA[salina.ernser@yahoo.com]]>
              </value>
            </param>
          </params>
          <reporter-output>
          </reporter-output>
        </test-method> <!-- testCreateUser -->
        <test-method is-config="true" signature="setupRequest()[pri:0, instance:Users.UserAPITests@33bc72d1]" started-at="2025-10-08T12:39:46 IST" name="setupRequest" finished-at="2025-10-08T12:39:46 IST" duration-ms="3" status="PASS">
          <reporter-output>
          </reporter-output>
        </test-method> <!-- setupRequest -->
        <test-method is-config="true" signature="initUserService()[pri:0, instance:Users.UserAPITests@33bc72d1]" started-at="2025-10-08T12:39:46 IST" name="initUserService" finished-at="2025-10-08T12:39:46 IST" duration-ms="0" status="PASS">
          <reporter-output>
          </reporter-output>
        </test-method> <!-- initUserService -->
        <test-method signature="testCreateUser(java.lang.String,java.lang.String,java.lang.String)[pri:3, instance:Users.UserAPITests@33bc72d1]" started-at="2025-10-08T12:39:46 IST" name="testCreateUser" data-provider="userData" finished-at="2025-10-08T12:39:46 IST" duration-ms="606" status="PASS">
          <params>
            <param index="0">
              <value>
                <![CDATA[Melina Welch]]>
              </value>
            </param>
            <param index="1">
              <value>
                <![CDATA[hayley.ohara]]>
              </value>
            </param>
            <param index="2">
              <value>
                <![CDATA[dexter.kub@yahoo.com]]>
              </value>
            </param>
          </params>
          <reporter-output>
          </reporter-output>
        </test-method> <!-- testCreateUser -->
        <test-method is-config="true" signature="tearDownUserTests()[pri:0, instance:Users.UserAPITests@33bc72d1]" started-at="2025-10-08T12:39:46 IST" name="tearDownUserTests" finished-at="2025-10-08T12:39:46 IST" duration-ms="200" status="PASS">
          <reporter-output>
          </reporter-output>
        </test-method> <!-- tearDownUserTests -->
      </class> <!-- Users.UserAPITests -->
    </test> <!-- User API Smoke Tests -->
    <test started-at="2025-10-08T12:39:47 IST" name="Posts API Smoke Tests" finished-at="2025-10-08T12:39:49 IST" duration-ms="2436">
      <class name="Users.PostsAPITests">
        <test-method is-config="true" signature="globalSetup()[pri:0, instance:Users.PostsAPITests@65987993]" started-at="2025-10-08T12:39:47 IST" name="globalSetup" finished-at="2025-10-08T12:39:47 IST" duration-ms="2" status="PASS">
          <reporter-output>
          </reporter-output>
        </test-method> <!-- globalSetup -->
        <test-method is-config="true" signature="setupPostsTests()[pri:0, instance:Users.PostsAPITests@65987993]" started-at="2025-10-08T12:39:47 IST" name="setupPostsTests" finished-at="2025-10-08T12:39:47 IST" duration-ms="1" status="PASS">
          <reporter-output>
          </reporter-output>
        </test-method> <!-- setupPostsTests -->
        <test-method is-config="true" signature="setupRequest()[pri:0, instance:Users.PostsAPITests@65987993]" started-at="2025-10-08T12:39:47 IST" name="setupRequest" finished-at="2025-10-08T12:39:47 IST" duration-ms="7" status="PASS">
          <reporter-output>
          </reporter-output>
        </test-method> <!-- setupRequest -->
        <test-method signature="testGetAllPosts()[pri:1, instance:Users.PostsAPITests@65987993]" started-at="2025-10-08T12:39:47 IST" name="testGetAllPosts" finished-at="2025-10-08T12:39:48 IST" duration-ms="1750" status="PASS">
          <reporter-output>
          </reporter-output>
        </test-method> <!-- testGetAllPosts -->
        <test-method is-config="true" signature="setupRequest()[pri:0, instance:Users.PostsAPITests@65987993]" started-at="2025-10-08T12:39:48 IST" name="setupRequest" finished-at="2025-10-08T12:39:48 IST" duration-ms="5" status="PASS">
          <reporter-output>
          </reporter-output>
        </test-method> <!-- setupRequest -->
        <test-method signature="testGetPostById()[pri:2, instance:Users.PostsAPITests@65987993]" started-at="2025-10-08T12:39:48 IST" name="testGetPostById" finished-at="2025-10-08T12:39:49 IST" duration-ms="653" status="PASS">
          <reporter-output>
          </reporter-output>
        </test-method> <!-- testGetPostById -->
        <test-method is-config="true" signature="tearDownPostsTests()[pri:0, instance:Users.PostsAPITests@65987993]" started-at="2025-10-08T12:39:49 IST" name="tearDownPostsTests" finished-at="2025-10-08T12:39:49 IST" duration-ms="0" status="PASS">
          <reporter-output>
          </reporter-output>
        </test-method> <!-- tearDownPostsTests -->
      </class> <!-- Users.PostsAPITests -->
    </test> <!-- Posts API Smoke Tests -->
  </suite> <!-- API Smoke Test Suite -->
</testng-results>
